c:\dev\physics_sim\physics_simulation\x64\debug\vc143.pdb
c:\dev\physics_sim\physics_simulation\x64\debug\vc143.idb
c:\dev\physics_sim\physics_simulation\x64\debug\window.obj
c:\dev\physics_sim\physics_simulation\x64\debug\vertexbuffer.obj
c:\dev\physics_sim\physics_simulation\x64\debug\vertexarray.obj
c:\dev\physics_sim\physics_simulation\x64\debug\glm.obj
c:\dev\physics_sim\physics_simulation\x64\debug\renderer.obj
c:\dev\physics_sim\physics_simulation\x64\debug\physics.obj
c:\dev\physics_sim\physics_simulation\x64\debug\main.obj
c:\dev\physics_sim\physics_simulation\x64\debug\indexbuffer.obj
c:\dev\physics_sim\physics_simulation\x64\debug\shader.obj
c:\dev\physics_sim\physics_simulation\x64\debug\physics_simulation.ilk
c:\dev\physics_sim\physics_simulation\x64\debug\physics_simulation.pdb
c:\dev\physics_sim\physics_simulation\x64\debug\physics_simulation.exe
c:\dev\physics_sim\physics_simulation\x64\debug\physics_.fa1f5ee4.tlog\cl.command.1.tlog
c:\dev\physics_sim\physics_simulation\x64\debug\physics_.fa1f5ee4.tlog\cl.read.1.tlog
c:\dev\physics_sim\physics_simulation\x64\debug\physics_.fa1f5ee4.tlog\cl.write.1.tlog
c:\dev\physics_sim\physics_simulation\x64\debug\physics_.fa1f5ee4.tlog\link.command.1.tlog
c:\dev\physics_sim\physics_simulation\x64\debug\physics_.fa1f5ee4.tlog\link.read.1.tlog
c:\dev\physics_sim\physics_simulation\x64\debug\physics_.fa1f5ee4.tlog\link.write.1.tlog
